<?xml version="1.0" encoding="UTF-8"?>
<!-- Generated by org.testng.reporters.JUnitReportReporter -->
<testsuite hostname="LAPTOP-CTHCG9LQ" failures="0" tests="1" name="org.example.AppTest" time="0.000" errors="0" timestamp="2023-08-28T07:48:32 COT" skipped="0">
  <testcase classname="org.example.AppTest" name="testApp" time="0.000"/>
  <system-out/>
</testsuite> <!-- org.example.AppTest -->
